Using pre-set license
Built from '2020.3/staging' branch; Version is '2020.3.14f1 (d0d1bb862f9d) revision 13685179'; Using compiler version '192528614'; Build Type 'Release'
OS: 'Windows 10 Home; OS build 22621.674; Version 2009; 64bit' Language: 'en' Physical Memory: 16178 MB
BatchMode: 1, IsHumanControllingUs: 0, StartBugReporterOnCrash: 0, Is64bit: 1, IsPro: 0

 COMMAND LINE ARGUMENTS:
C:\Program Files\Unity\Hub\Editor\2020.3.14f1\Editor\Unity.exe
-adb2
-batchMode
-noUpm
-name
AssetImportWorker0
-projectPath
D:/Git/project-starburst/Project Starburst
-logFile
Logs/AssetImportWorker0.log
-srvPort
60029
Successfully changed project path to: D:/Git/project-starburst/Project Starburst
D:/Git/project-starburst/Project Starburst
Using Asset Import Pipeline V2.
Refreshing native plugins compatible for Editor in 173.08 ms, found 3 plugins.
Preloading 0 native plugins for Editor in 0.00 ms.
Initialize engine version: 2020.3.14f1 (d0d1bb862f9d)
[Subsystems] Discovering subsystems at path C:/Program Files/Unity/Hub/Editor/2020.3.14f1/Editor/Data/Resources/UnitySubsystems
[Subsystems] Discovering subsystems at path D:/Git/project-starburst/Project Starburst/Assets
GfxDevice: creating device client; threaded=0
Direct3D:
    Version:  Direct3D 11.0 [level 11.1]
    Renderer: NVIDIA GeForce GTX 1050 Ti (ID=0x1c8c)
    Vendor:   
    VRAM:     4019 MB
    Driver:   30.0.14.9649
Shader 'Universal Render Pipeline/Particles/Lit': fallback shader 'Universal Render Pipeline/Particles/SimpleLit' not found
Initialize mono
Mono path[0] = 'C:/Program Files/Unity/Hub/Editor/2020.3.14f1/Editor/Data/Managed'
Mono path[1] = 'C:/Program Files/Unity/Hub/Editor/2020.3.14f1/Editor/Data/MonoBleedingEdge/lib/mono/unityjit'
Mono config path = 'C:/Program Files/Unity/Hub/Editor/2020.3.14f1/Editor/Data/MonoBleedingEdge/etc'
Using monoOptions --debugger-agent=transport=dt_socket,embedding=1,server=y,suspend=n,address=127.0.0.1:56444
Begin MonoManager ReloadAssembly
Registering precompiled unity dll's ...
Register platform support module: C:/Program Files/Unity/Hub/Editor/2020.3.14f1/Editor/Data/PlaybackEngines/WebGLSupport/UnityEditor.WebGL.Extensions.dll
Register platform support module: C:/Program Files/Unity/Hub/Editor/2020.3.14f1/Editor/Data/PlaybackEngines/WindowsStandaloneSupport/UnityEditor.WindowsStandalone.Extensions.dll
Registered in 0.004904 seconds.
Native extension for WindowsStandalone target not found
Native extension for WebGL target not found
Refreshing native plugins compatible for Editor in 128.36 ms, found 3 plugins.
Preloading 0 native plugins for Editor in 0.00 ms.
Mono: successfully reloaded assembly
- Completed reload, in  3.261 seconds
Domain Reload Profiling:
	ReloadAssembly (3262ms)
		BeginReloadAssembly (168ms)
			ExecutionOrderSort (0ms)
			DisableScriptedObjects (0ms)
			BackupInstance (0ms)
			ReleaseScriptingObjects (0ms)
			CreateAndSetChildDomain (2ms)
		EndReloadAssembly (1049ms)
			LoadAssemblies (159ms)
			RebuildTransferFunctionScriptingTraits (0ms)
			SetupTypeCache (297ms)
			ReleaseScriptCaches (0ms)
			RebuildScriptCaches (92ms)
			SetupLoadedEditorAssemblies (505ms)
				LogAssemblyErrors (0ms)
				InitializePlatformSupportModulesInManaged (13ms)
				SetLoadedEditorAssemblies (1ms)
				RefreshPlugins (128ms)
				BeforeProcessingInitializeOnLoad (15ms)
				ProcessInitializeOnLoadAttributes (262ms)
				ProcessInitializeOnLoadMethodAttributes (86ms)
				AfterProcessingInitializeOnLoad (0ms)
				EditorAssembliesLoaded (0ms)
			ExecutionOrderSort2 (0ms)
			AwakeInstancesAfterBackupRestoration (0ms)
Platform modules already initialized, skipping
Registering precompiled user dll's ...
Registered in 0.014706 seconds.
Begin MonoManager ReloadAssembly
Native extension for WindowsStandalone target not found
Native extension for WebGL target not found
Refreshing native plugins compatible for Editor in 131.12 ms, found 3 plugins.
Preloading 0 native plugins for Editor in 0.00 ms.
Mono: successfully reloaded assembly
- Completed reload, in  2.733 seconds
Domain Reload Profiling:
	ReloadAssembly (2736ms)
		BeginReloadAssembly (377ms)
			ExecutionOrderSort (0ms)
			DisableScriptedObjects (7ms)
			BackupInstance (0ms)
			ReleaseScriptingObjects (0ms)
			CreateAndSetChildDomain (49ms)
		EndReloadAssembly (2262ms)
			LoadAssemblies (235ms)
			RebuildTransferFunctionScriptingTraits (0ms)
			SetupTypeCache (668ms)
			ReleaseScriptCaches (1ms)
			RebuildScriptCaches (124ms)
			SetupLoadedEditorAssemblies (1007ms)
				LogAssemblyErrors (0ms)
				InitializePlatformSupportModulesInManaged (11ms)
				SetLoadedEditorAssemblies (0ms)
				RefreshPlugins (131ms)
				BeforeProcessingInitializeOnLoad (259ms)
				ProcessInitializeOnLoadAttributes (559ms)
				ProcessInitializeOnLoadMethodAttributes (24ms)
				AfterProcessingInitializeOnLoad (23ms)
				EditorAssembliesLoaded (0ms)
			ExecutionOrderSort2 (0ms)
			AwakeInstancesAfterBackupRestoration (16ms)
Platform modules already initialized, skipping
========================================================================
Worker process is ready to serve import requests
Shader 'Universal Render Pipeline/Particles/Lit': fallback shader 'Universal Render Pipeline/Particles/SimpleLit' not found
Launched and connected shader compiler UnityShaderCompiler.exe after 0.41 seconds
Refreshing native plugins compatible for Editor in 1.65 ms, found 3 plugins.
Preloading 0 native plugins for Editor in 0.00 ms.
Unloading 3701 Unused Serialized files (Serialized files now loaded: 0)
System memory in use before: 158.5 MB.
System memory in use after: 158.6 MB.

Unloading 34 unused Assets to reduce memory usage. Loaded Objects now: 4135.
Total: 8.839500 ms (FindLiveObjects: 0.754500 ms CreateObjectMapping: 0.508000 ms MarkObjects: 7.251500 ms  DeleteObjects: 0.322300 ms)

AssetImportParameters requested are different than current active one (requested -> active):
  custom:framework-win-MediaFoundation: 216162199b28c13a410421893ffa2e32 -> 
  custom:video-decoder-ogg-theora: a1e56fd34408186e4bbccfd4996cb3dc -> 
  custom:container-muxer-webm: aa71ff27fc2769a1b78a27578f13a17b -> 
  custom:container-demuxer-webm: 4f35f7cbe854078d1ac9338744f61a02 -> 
  custom:container-demuxer-ogg: 62fdf1f143b41e24485cea50d1cbac27 -> 
  custom:video-encoder-webm-vp8: eb34c28f22e8b96e1ab97ce403110664 -> 
  custom:video-codec-MediaFoundation-h265: 746d11721c4dcdbdad8f713fa42b33f4 -> 
  custom:video-decoder-webm-vp8: 9c59270c3fd7afecdb556c50c9e8de78 -> 
  custom:audio-decoder-ogg-vorbis: bf7c407c2cedff20999df2af8eb42d56 -> 
  custom:audio-encoder-webm-vorbis: bf7c407c2cedff20999df2af8eb42d56 -> 
========================================================================
Received Import Request.
  path: Assets/Scripts/PlayerController.cs
  artifactKey: Guid(2d34b968717382a4c8b030576563109b) Importer(815301076,1909f56bfc062723c751e8b465ee728b)
Start importing Assets/Scripts/PlayerController.cs using Guid(2d34b968717382a4c8b030576563109b) Importer(815301076,1909f56bfc062723c751e8b465ee728b)  -> (artifact id: '0b33d7da93f962a1ab90bd13d413ef42') in 0.099570 seconds 
  Import took 0.302013 seconds .

========================================================================
Received Import Request.
  Time since last request: 0.001611 seconds.
  path: Assets/Scripts/EnemyProjectile.cs
  artifactKey: Guid(9f99efb4062622242a920797cbabed35) Importer(815301076,1909f56bfc062723c751e8b465ee728b)
Start importing Assets/Scripts/EnemyProjectile.cs using Guid(9f99efb4062622242a920797cbabed35) Importer(815301076,1909f56bfc062723c751e8b465ee728b)  -> (artifact id: '3635d384885619f0e3966144fb1c5da4') in 0.013388 seconds 
  Import took 0.057383 seconds .

========================================================================
Received Import Request.
  Time since last request: 151.805681 seconds.
  path: Assets/Scripts/EnemyProjectile.cs
  artifactKey: Guid(9f99efb4062622242a920797cbabed35) Importer(815301076,1909f56bfc062723c751e8b465ee728b)
Start importing Assets/Scripts/EnemyProjectile.cs using Guid(9f99efb4062622242a920797cbabed35) Importer(815301076,1909f56bfc062723c751e8b465ee728b)  -> (artifact id: '074a2433b78f2b01be204b5c602291cf') in 0.012779 seconds 
  Import took 0.032361 seconds .

========================================================================
Received Import Request.
  Time since last request: 10.534226 seconds.
  path: Assets/Scripts/Projectile.cs
  artifactKey: Guid(9f99efb4062622242a920797cbabed35) Importer(815301076,1909f56bfc062723c751e8b465ee728b)
Start importing Assets/Scripts/Projectile.cs using Guid(9f99efb4062622242a920797cbabed35) Importer(815301076,1909f56bfc062723c751e8b465ee728b)  -> (artifact id: 'dc8f51dc042b5d9d2a3acf1ca405ace6') in 0.018717 seconds 
  Import took 0.049295 seconds .

========================================================================
Received Prepare
Registering precompiled user dll's ...
Registered in 0.014515 seconds.
Begin MonoManager ReloadAssembly
Native extension for WindowsStandalone target not found
Native extension for WebGL target not found
Refreshing native plugins compatible for Editor in 1.61 ms, found 3 plugins.
Preloading 0 native plugins for Editor in 0.00 ms.
Mono: successfully reloaded assembly
- Completed reload, in  3.048 seconds
Domain Reload Profiling:
	ReloadAssembly (3049ms)
		BeginReloadAssembly (327ms)
			ExecutionOrderSort (0ms)
			DisableScriptedObjects (13ms)
			BackupInstance (0ms)
			ReleaseScriptingObjects (0ms)
			CreateAndSetChildDomain (123ms)
		EndReloadAssembly (2573ms)
			LoadAssemblies (268ms)
			RebuildTransferFunctionScriptingTraits (0ms)
			SetupTypeCache (725ms)
			ReleaseScriptCaches (2ms)
			RebuildScriptCaches (180ms)
			SetupLoadedEditorAssemblies (1035ms)
				LogAssemblyErrors (0ms)
				InitializePlatformSupportModulesInManaged (14ms)
				SetLoadedEditorAssemblies (2ms)
				RefreshPlugins (2ms)
				BeforeProcessingInitializeOnLoad (316ms)
				ProcessInitializeOnLoadAttributes (657ms)
				ProcessInitializeOnLoadMethodAttributes (16ms)
				AfterProcessingInitializeOnLoad (29ms)
				EditorAssembliesLoaded (0ms)
			ExecutionOrderSort2 (0ms)
			AwakeInstancesAfterBackupRestoration (34ms)
Platform modules already initialized, skipping
Shader 'Universal Render Pipeline/Particles/Lit': fallback shader 'Universal Render Pipeline/Particles/SimpleLit' not found
Refreshing native plugins compatible for Editor in 1.51 ms, found 3 plugins.
Preloading 0 native plugins for Editor in 0.00 ms.
Unloading 3572 Unused Serialized files (Serialized files now loaded: 0)
System memory in use before: 149.9 MB.
System memory in use after: 150.0 MB.

Unloading 21 unused Assets to reduce memory usage. Loaded Objects now: 4138.
Total: 11.560000 ms (FindLiveObjects: 1.252300 ms CreateObjectMapping: 0.747600 ms MarkObjects: 9.281200 ms  DeleteObjects: 0.273500 ms)

AssetImportParameters requested are different than current active one (requested -> active):
  custom:framework-win-MediaFoundation: 216162199b28c13a410421893ffa2e32 -> 
  custom:video-decoder-ogg-theora: a1e56fd34408186e4bbccfd4996cb3dc -> 
  custom:container-muxer-webm: aa71ff27fc2769a1b78a27578f13a17b -> 
  custom:container-demuxer-webm: 4f35f7cbe854078d1ac9338744f61a02 -> 
  custom:container-demuxer-ogg: 62fdf1f143b41e24485cea50d1cbac27 -> 
  custom:video-encoder-webm-vp8: eb34c28f22e8b96e1ab97ce403110664 -> 
  custom:video-codec-MediaFoundation-h265: 746d11721c4dcdbdad8f713fa42b33f4 -> 
  custom:video-decoder-webm-vp8: 9c59270c3fd7afecdb556c50c9e8de78 -> 
  custom:audio-decoder-ogg-vorbis: bf7c407c2cedff20999df2af8eb42d56 -> 
  custom:audio-encoder-webm-vorbis: bf7c407c2cedff20999df2af8eb42d56 -> 
========================================================================
Received Import Request.
  Time since last request: 159.233282 seconds.
  path: Assets/Prefabs/Basic Enemy Bullet.prefab
  artifactKey: Guid(f307648afc17da145904e1e4fc702028) Importer(815301076,1909f56bfc062723c751e8b465ee728b)
Start importing Assets/Prefabs/Basic Enemy Bullet.prefab using Guid(f307648afc17da145904e1e4fc702028) Importer(815301076,1909f56bfc062723c751e8b465ee728b)  -> (artifact id: '20fb2e91bfb8d331d33c07df1116ab95') in 0.638991 seconds 
  Import took 0.658988 seconds .

========================================================================
Received Import Request.
  Time since last request: 0.001348 seconds.
  path: Assets/Scripts/Projectile.cs
  artifactKey: Guid(9f99efb4062622242a920797cbabed35) Importer(815301076,1909f56bfc062723c751e8b465ee728b)
Start importing Assets/Scripts/Projectile.cs using Guid(9f99efb4062622242a920797cbabed35) Importer(815301076,1909f56bfc062723c751e8b465ee728b)  -> (artifact id: 'ac75b7b5afb234948caf3f60e8ca0131') in 0.009058 seconds 
  Import took 0.024617 seconds .

========================================================================
Received Import Request.
  Time since last request: 0.001112 seconds.
  path: Assets/Prefabs/Basic Enemy Bullet.prefab
  artifactKey: Guid(f307648afc17da145904e1e4fc702028) Importer(815301076,1909f56bfc062723c751e8b465ee728b)
Start importing Assets/Prefabs/Basic Enemy Bullet.prefab using Guid(f307648afc17da145904e1e4fc702028) Importer(815301076,1909f56bfc062723c751e8b465ee728b)  -> (artifact id: '20fb2e91bfb8d331d33c07df1116ab95') in 0.036993 seconds 
  Import took 0.051370 seconds .

========================================================================
Received Import Request.
  Time since last request: 4.490611 seconds.
  path: Assets/Prefabs/Basic Enemy Bullet.prefab
  artifactKey: Guid(f307648afc17da145904e1e4fc702028) Importer(815301076,1909f56bfc062723c751e8b465ee728b)
Start importing Assets/Prefabs/Basic Enemy Bullet.prefab using Guid(f307648afc17da145904e1e4fc702028) Importer(815301076,1909f56bfc062723c751e8b465ee728b)  -> (artifact id: 'ed050557b12aacbfa60dc317816e9427') in 0.046724 seconds 
  Import took 0.068492 seconds .

========================================================================
Received Import Request.
  Time since last request: 1.513003 seconds.
  path: Assets/Prefabs/Enemy Piercing Bullet.prefab
  artifactKey: Guid(cda78298e07c89948bf7efbf1de0e87b) Importer(815301076,1909f56bfc062723c751e8b465ee728b)
Start importing Assets/Prefabs/Enemy Piercing Bullet.prefab using Guid(cda78298e07c89948bf7efbf1de0e87b) Importer(815301076,1909f56bfc062723c751e8b465ee728b)  -> (artifact id: '683de0a40e224b47fcf86fa555c5880b') in 0.031836 seconds 
  Import took 0.046134 seconds .

========================================================================
Received Import Request.
  Time since last request: 6.724697 seconds.
  path: Assets/Prefabs/Enemy Rocket.prefab
  artifactKey: Guid(d07b18d970145ac4fbf8624db7dbe690) Importer(815301076,1909f56bfc062723c751e8b465ee728b)
Start importing Assets/Prefabs/Enemy Rocket.prefab using Guid(d07b18d970145ac4fbf8624db7dbe690) Importer(815301076,1909f56bfc062723c751e8b465ee728b)  -> (artifact id: '3b5c690defe6596538296387acbbbf92') in 0.047797 seconds 
  Import took 0.069215 seconds .

========================================================================
Received Import Request.
  Time since last request: 5.997656 seconds.
  path: Assets/Prefabs/Enemy Piercing Bullet.prefab
  artifactKey: Guid(cda78298e07c89948bf7efbf1de0e87b) Importer(815301076,1909f56bfc062723c751e8b465ee728b)
Start importing Assets/Prefabs/Enemy Piercing Bullet.prefab using Guid(cda78298e07c89948bf7efbf1de0e87b) Importer(815301076,1909f56bfc062723c751e8b465ee728b)  -> (artifact id: '4e019450e0e41d25977d28addcee1883') in 0.043209 seconds 
  Import took 0.062214 seconds .

========================================================================
Received Import Request.
  Time since last request: 15.463389 seconds.
  path: Assets/Prefabs/Player Bullet.prefab
  artifactKey: Guid(e904e37c812b21f4298a8e6cf86f62dd) Importer(815301076,1909f56bfc062723c751e8b465ee728b)
Start importing Assets/Prefabs/Player Bullet.prefab using Guid(e904e37c812b21f4298a8e6cf86f62dd) Importer(815301076,1909f56bfc062723c751e8b465ee728b)  -> (artifact id: '4814f5a0b7c207c7b278d09e66d82313') in 0.046472 seconds 
  Import took 0.068214 seconds .

========================================================================
Received Import Request.
  Time since last request: 4.852549 seconds.
  path: Assets/Prefabs/Player Bullet.prefab
  artifactKey: Guid(e904e37c812b21f4298a8e6cf86f62dd) Importer(815301076,1909f56bfc062723c751e8b465ee728b)
Start importing Assets/Prefabs/Player Bullet.prefab using Guid(e904e37c812b21f4298a8e6cf86f62dd) Importer(815301076,1909f56bfc062723c751e8b465ee728b)  -> (artifact id: '1781aa637287f2744b2892a93123fb57') in 0.037594 seconds 
  Import took 0.053452 seconds .

========================================================================
Received Import Request.
  Time since last request: 5.967335 seconds.
  path: Assets/Prefabs/Player Bullet.prefab
  artifactKey: Guid(e904e37c812b21f4298a8e6cf86f62dd) Importer(815301076,1909f56bfc062723c751e8b465ee728b)
Start importing Assets/Prefabs/Player Bullet.prefab using Guid(e904e37c812b21f4298a8e6cf86f62dd) Importer(815301076,1909f56bfc062723c751e8b465ee728b)  -> (artifact id: '762a747d0da0dc39aa26fa59fe6fd521') in 0.035305 seconds 
  Import took 0.050077 seconds .

========================================================================
Received Import Request.
  Time since last request: 2.845123 seconds.
  path: Assets/Prefabs/Player Bullet.prefab
  artifactKey: Guid(e904e37c812b21f4298a8e6cf86f62dd) Importer(815301076,1909f56bfc062723c751e8b465ee728b)
Start importing Assets/Prefabs/Player Bullet.prefab using Guid(e904e37c812b21f4298a8e6cf86f62dd) Importer(815301076,1909f56bfc062723c751e8b465ee728b)  -> (artifact id: '440e07451987c302a94913a2a0984b29') in 0.036516 seconds 
  Import took 0.051791 seconds .

========================================================================
Received Prepare
Registering precompiled user dll's ...
Registered in 0.015425 seconds.
Begin MonoManager ReloadAssembly
Native extension for WindowsStandalone target not found
Native extension for WebGL target not found
Refreshing native plugins compatible for Editor in 1.54 ms, found 3 plugins.
Preloading 0 native plugins for Editor in 0.00 ms.
Mono: successfully reloaded assembly
- Completed reload, in  3.606 seconds
Domain Reload Profiling:
	ReloadAssembly (3607ms)
		BeginReloadAssembly (338ms)
			ExecutionOrderSort (0ms)
			DisableScriptedObjects (14ms)
			BackupInstance (0ms)
			ReleaseScriptingObjects (0ms)
			CreateAndSetChildDomain (95ms)
		EndReloadAssembly (2994ms)
			LoadAssemblies (378ms)
			RebuildTransferFunctionScriptingTraits (0ms)
			SetupTypeCache (961ms)
			ReleaseScriptCaches (3ms)
			RebuildScriptCaches (130ms)
			SetupLoadedEditorAssemblies (1098ms)
				LogAssemblyErrors (0ms)
				InitializePlatformSupportModulesInManaged (20ms)
				SetLoadedEditorAssemblies (3ms)
				RefreshPlugins (2ms)
				BeforeProcessingInitializeOnLoad (344ms)
				ProcessInitializeOnLoadAttributes (667ms)
				ProcessInitializeOnLoadMethodAttributes (23ms)
				AfterProcessingInitializeOnLoad (39ms)
				EditorAssembliesLoaded (1ms)
			ExecutionOrderSort2 (0ms)
			AwakeInstancesAfterBackupRestoration (43ms)
Platform modules already initialized, skipping
Shader 'Universal Render Pipeline/Particles/Lit': fallback shader 'Universal Render Pipeline/Particles/SimpleLit' not found
Refreshing native plugins compatible for Editor in 2.09 ms, found 3 plugins.
Preloading 0 native plugins for Editor in 0.00 ms.
Unloading 3572 Unused Serialized files (Serialized files now loaded: 0)
System memory in use before: 155.1 MB.
System memory in use after: 155.3 MB.

Unloading 21 unused Assets to reduce memory usage. Loaded Objects now: 4186.
Total: 11.881400 ms (FindLiveObjects: 1.069700 ms CreateObjectMapping: 0.560200 ms MarkObjects: 9.913700 ms  DeleteObjects: 0.334000 ms)

AssetImportParameters requested are different than current active one (requested -> active):
  custom:framework-win-MediaFoundation: 216162199b28c13a410421893ffa2e32 -> 
  custom:video-decoder-ogg-theora: a1e56fd34408186e4bbccfd4996cb3dc -> 
  custom:container-muxer-webm: aa71ff27fc2769a1b78a27578f13a17b -> 
  custom:container-demuxer-webm: 4f35f7cbe854078d1ac9338744f61a02 -> 
  custom:container-demuxer-ogg: 62fdf1f143b41e24485cea50d1cbac27 -> 
  custom:video-encoder-webm-vp8: eb34c28f22e8b96e1ab97ce403110664 -> 
  custom:video-codec-MediaFoundation-h265: 746d11721c4dcdbdad8f713fa42b33f4 -> 
  custom:video-decoder-webm-vp8: 9c59270c3fd7afecdb556c50c9e8de78 -> 
  custom:audio-decoder-ogg-vorbis: bf7c407c2cedff20999df2af8eb42d56 -> 
  custom:audio-encoder-webm-vorbis: bf7c407c2cedff20999df2af8eb42d56 -> 
========================================================================
Received Import Request.
  Time since last request: 63.890357 seconds.
  path: Assets/Prefabs/Player Missile.prefab
  artifactKey: Guid(c3592a7d2d41d4d4f89cd0ace5e6fb22) Importer(815301076,1909f56bfc062723c751e8b465ee728b)
Start importing Assets/Prefabs/Player Missile.prefab using Guid(c3592a7d2d41d4d4f89cd0ace5e6fb22) Importer(815301076,1909f56bfc062723c751e8b465ee728b)  -> (artifact id: '06b5ebeff7095feaa31e0ccf504360a1') in 0.440985 seconds 
  Import took 0.457356 seconds .

========================================================================
Received Import Request.
  Time since last request: 2.342896 seconds.
  path: Assets/Prefabs/Player Missile.prefab
  artifactKey: Guid(c3592a7d2d41d4d4f89cd0ace5e6fb22) Importer(815301076,1909f56bfc062723c751e8b465ee728b)
Start importing Assets/Prefabs/Player Missile.prefab using Guid(c3592a7d2d41d4d4f89cd0ace5e6fb22) Importer(815301076,1909f56bfc062723c751e8b465ee728b)  -> (artifact id: '812996e704658b4dbfc740fd4479f79d') in 0.048481 seconds 
  Import took 0.068217 seconds .

========================================================================
Received Import Request.
  Time since last request: 6.302854 seconds.
  path: Assets/Prefabs/Player Missile.prefab
  artifactKey: Guid(c3592a7d2d41d4d4f89cd0ace5e6fb22) Importer(815301076,1909f56bfc062723c751e8b465ee728b)
Start importing Assets/Prefabs/Player Missile.prefab using Guid(c3592a7d2d41d4d4f89cd0ace5e6fb22) Importer(815301076,1909f56bfc062723c751e8b465ee728b)  -> (artifact id: '2023d6f39ed0d4c2be7d949e12c448c3') in 0.041926 seconds 
  Import took 0.058813 seconds .

========================================================================
Received Import Request.
  Time since last request: 16.355001 seconds.
  path: Assets/Prefabs/Player Piercing Bullet.prefab
  artifactKey: Guid(7e33f9caacd928d489246ff5dcf712dc) Importer(815301076,1909f56bfc062723c751e8b465ee728b)
Start importing Assets/Prefabs/Player Piercing Bullet.prefab using Guid(7e33f9caacd928d489246ff5dcf712dc) Importer(815301076,1909f56bfc062723c751e8b465ee728b)  -> (artifact id: 'cafde81a41c5fbeb939894b8a2a9b3fe') in 0.037254 seconds 
  Import took 0.052491 seconds .

========================================================================
Received Import Request.
  Time since last request: 10.000852 seconds.
  path: Assets/Prefabs/Player Piercing Bullet.prefab
  artifactKey: Guid(7e33f9caacd928d489246ff5dcf712dc) Importer(815301076,1909f56bfc062723c751e8b465ee728b)
Start importing Assets/Prefabs/Player Piercing Bullet.prefab using Guid(7e33f9caacd928d489246ff5dcf712dc) Importer(815301076,1909f56bfc062723c751e8b465ee728b)  -> (artifact id: '346adc01af0eb35cbdb3d08941e26691') in 0.051557 seconds 
  Import took 0.075259 seconds .

========================================================================
Received Import Request.
  Time since last request: 3.855562 seconds.
  path: Assets/Prefabs/Player Piercing Bullet.prefab
  artifactKey: Guid(7e33f9caacd928d489246ff5dcf712dc) Importer(815301076,1909f56bfc062723c751e8b465ee728b)
Start importing Assets/Prefabs/Player Piercing Bullet.prefab using Guid(7e33f9caacd928d489246ff5dcf712dc) Importer(815301076,1909f56bfc062723c751e8b465ee728b)  -> (artifact id: '3593f1be75803533ad827bfd5f4b0910') in 0.045467 seconds 
  Import took 0.064807 seconds .

========================================================================
Received Import Request.
  Time since last request: 2.164529 seconds.
  path: Assets/Prefabs/Player Piercing Bullet.prefab
  artifactKey: Guid(7e33f9caacd928d489246ff5dcf712dc) Importer(815301076,1909f56bfc062723c751e8b465ee728b)
Start importing Assets/Prefabs/Player Piercing Bullet.prefab using Guid(7e33f9caacd928d489246ff5dcf712dc) Importer(815301076,1909f56bfc062723c751e8b465ee728b)  -> (artifact id: 'd6854ab1828fe87145780a4b34438dae') in 0.043473 seconds 
  Import took 0.064473 seconds .

========================================================================
Received Import Request.
  Time since last request: 3.548185 seconds.
  path: Assets/Prefabs/Player Piercing Bullet.prefab
  artifactKey: Guid(7e33f9caacd928d489246ff5dcf712dc) Importer(815301076,1909f56bfc062723c751e8b465ee728b)
Start importing Assets/Prefabs/Player Piercing Bullet.prefab using Guid(7e33f9caacd928d489246ff5dcf712dc) Importer(815301076,1909f56bfc062723c751e8b465ee728b)  -> (artifact id: '602c74e0da222a62dac2c7793888910c') in 0.038048 seconds 
  Import took 0.054709 seconds .

========================================================================
Received Import Request.
  Time since last request: 0.963719 seconds.
  path: Assets/Prefabs/Player Missile.prefab
  artifactKey: Guid(c3592a7d2d41d4d4f89cd0ace5e6fb22) Importer(815301076,1909f56bfc062723c751e8b465ee728b)
Start importing Assets/Prefabs/Player Missile.prefab using Guid(c3592a7d2d41d4d4f89cd0ace5e6fb22) Importer(815301076,1909f56bfc062723c751e8b465ee728b)  -> (artifact id: '64d8979b7b8de02b77173b3310c3f9a1') in 0.034152 seconds 
  Import took 0.050918 seconds .

========================================================================
Received Import Request.
  Time since last request: 1.339171 seconds.
  path: Assets/Prefabs/Player Missile.prefab
  artifactKey: Guid(c3592a7d2d41d4d4f89cd0ace5e6fb22) Importer(815301076,1909f56bfc062723c751e8b465ee728b)
Start importing Assets/Prefabs/Player Missile.prefab using Guid(c3592a7d2d41d4d4f89cd0ace5e6fb22) Importer(815301076,1909f56bfc062723c751e8b465ee728b)  -> (artifact id: '0618bfcae909796708ce834cf1b67511') in 0.042761 seconds 
  Import took 0.061502 seconds .

========================================================================
Received Import Request.
  Time since last request: 6.686978 seconds.
  path: Assets/Prefabs/Player.prefab
  artifactKey: Guid(b57d320a93d1bae4c8cc13ab85508611) Importer(815301076,1909f56bfc062723c751e8b465ee728b)
Start importing Assets/Prefabs/Player.prefab using Guid(b57d320a93d1bae4c8cc13ab85508611) Importer(815301076,1909f56bfc062723c751e8b465ee728b)  -> (artifact id: '92e465696a827d6c7cd8fb8543fd996d') in 0.066370 seconds 
  Import took 0.076968 seconds .

========================================================================
Received Import Request.
  Time since last request: 15.556230 seconds.
  path: Assets/Scripts/Player.cs
  artifactKey: Guid(a8c67c5c15eada44d8e57a65a147f819) Importer(815301076,1909f56bfc062723c751e8b465ee728b)
Start importing Assets/Scripts/Player.cs using Guid(a8c67c5c15eada44d8e57a65a147f819) Importer(815301076,1909f56bfc062723c751e8b465ee728b)  -> (artifact id: '601404e551561cf19c72ae74c915b241') in 0.007912 seconds 
  Import took 0.019956 seconds .

========================================================================
Received Import Request.
  Time since last request: 9.289089 seconds.
  path: Assets/Scripts/Enemies
  artifactKey: Guid(f9c8fad6078f5a4479ed0d40bb7aa247) Importer(815301076,1909f56bfc062723c751e8b465ee728b)
Start importing Assets/Scripts/Enemies using Guid(f9c8fad6078f5a4479ed0d40bb7aa247) Importer(815301076,1909f56bfc062723c751e8b465ee728b)  -> (artifact id: '19997a7081a6fcaabf1d3313e5b7dd24') in 0.014618 seconds 
  Import took 0.031482 seconds .

========================================================================
Received Import Request.
  Time since last request: 4.503945 seconds.
  path: Assets/Scripts/Enemy.cs
  artifactKey: Guid(495e6be2100a23343a08faf87b49270f) Importer(815301076,1909f56bfc062723c751e8b465ee728b)
Start importing Assets/Scripts/Enemy.cs using Guid(495e6be2100a23343a08faf87b49270f) Importer(815301076,1909f56bfc062723c751e8b465ee728b)  -> (artifact id: 'da963a915d99dfd78fce99afb7b0aa59') in 0.009898 seconds 
  Import took 0.021076 seconds .

========================================================================
Received Import Request.
  Time since last request: 6.391374 seconds.
  path: Assets/Scripts/EnemySpawner.cs
  artifactKey: Guid(0f202cfba0884584698080077dce236e) Importer(815301076,1909f56bfc062723c751e8b465ee728b)
Start importing Assets/Scripts/EnemySpawner.cs using Guid(0f202cfba0884584698080077dce236e) Importer(815301076,1909f56bfc062723c751e8b465ee728b)  -> (artifact id: '7c2364865ba8f66fd1d13acac8c2699c') in 0.010566 seconds 
  Import took 0.027447 seconds .

========================================================================
Received Import Request.
  Time since last request: 5.837795 seconds.
  path: Assets/Scripts/Health.cs
  artifactKey: Guid(366aa188abf0faf4facb52f9ed0b4d1f) Importer(815301076,1909f56bfc062723c751e8b465ee728b)
Start importing Assets/Scripts/Health.cs using Guid(366aa188abf0faf4facb52f9ed0b4d1f) Importer(815301076,1909f56bfc062723c751e8b465ee728b)  -> (artifact id: '7a98455135e7482f18e513f118a21674') in 0.009467 seconds 
  Import took 0.021034 seconds .

========================================================================
Received Import Request.
  Time since last request: 11.617378 seconds.
  path: Assets/Scripts/Missile.cs
  artifactKey: Guid(d6dea5e76732a7744bdf74295920e599) Importer(815301076,1909f56bfc062723c751e8b465ee728b)
Start importing Assets/Scripts/Missile.cs using Guid(d6dea5e76732a7744bdf74295920e599) Importer(815301076,1909f56bfc062723c751e8b465ee728b)  -> (artifact id: '3b1a0588e483053fb3f0a1d48836ce8f') in 0.029737 seconds 
  Import took 0.069817 seconds .

========================================================================
Received Prepare
Registering precompiled user dll's ...
Registered in 0.013527 seconds.
Begin MonoManager ReloadAssembly
Native extension for WindowsStandalone target not found
Native extension for WebGL target not found
Refreshing native plugins compatible for Editor in 2.21 ms, found 3 plugins.
Preloading 0 native plugins for Editor in 0.00 ms.
Mono: successfully reloaded assembly
- Completed reload, in  3.806 seconds
Domain Reload Profiling:
	ReloadAssembly (3807ms)
		BeginReloadAssembly (385ms)
			ExecutionOrderSort (0ms)
			DisableScriptedObjects (28ms)
			BackupInstance (0ms)
			ReleaseScriptingObjects (0ms)
			CreateAndSetChildDomain (154ms)
		EndReloadAssembly (3218ms)
			LoadAssemblies (418ms)
			RebuildTransferFunctionScriptingTraits (0ms)
			SetupTypeCache (995ms)
			ReleaseScriptCaches (3ms)
			RebuildScriptCaches (166ms)
			SetupLoadedEditorAssemblies (1048ms)
				LogAssemblyErrors (0ms)
				InitializePlatformSupportModulesInManaged (19ms)
				SetLoadedEditorAssemblies (4ms)
				RefreshPlugins (2ms)
				BeforeProcessingInitializeOnLoad (390ms)
				ProcessInitializeOnLoadAttributes (594ms)
				ProcessInitializeOnLoadMethodAttributes (14ms)
				AfterProcessingInitializeOnLoad (24ms)
				EditorAssembliesLoaded (0ms)
			ExecutionOrderSort2 (0ms)
			AwakeInstancesAfterBackupRestoration (46ms)
Platform modules already initialized, skipping
Shader 'Universal Render Pipeline/Particles/Lit': fallback shader 'Universal Render Pipeline/Particles/SimpleLit' not found
Refreshing native plugins compatible for Editor in 1.29 ms, found 3 plugins.
Preloading 0 native plugins for Editor in 0.00 ms.
Unloading 3573 Unused Serialized files (Serialized files now loaded: 0)
System memory in use before: 155.4 MB.
System memory in use after: 155.5 MB.

Unloading 21 unused Assets to reduce memory usage. Loaded Objects now: 4226.
Total: 6.700600 ms (FindLiveObjects: 0.604000 ms CreateObjectMapping: 0.488200 ms MarkObjects: 5.406500 ms  DeleteObjects: 0.199500 ms)

AssetImportParameters requested are different than current active one (requested -> active):
  custom:framework-win-MediaFoundation: 216162199b28c13a410421893ffa2e32 -> 
  custom:video-decoder-ogg-theora: a1e56fd34408186e4bbccfd4996cb3dc -> 
  custom:container-muxer-webm: aa71ff27fc2769a1b78a27578f13a17b -> 
  custom:container-demuxer-webm: 4f35f7cbe854078d1ac9338744f61a02 -> 
  custom:container-demuxer-ogg: 62fdf1f143b41e24485cea50d1cbac27 -> 
  custom:video-encoder-webm-vp8: eb34c28f22e8b96e1ab97ce403110664 -> 
  custom:video-codec-MediaFoundation-h265: 746d11721c4dcdbdad8f713fa42b33f4 -> 
  custom:video-decoder-webm-vp8: 9c59270c3fd7afecdb556c50c9e8de78 -> 
  custom:audio-decoder-ogg-vorbis: bf7c407c2cedff20999df2af8eb42d56 -> 
  custom:audio-encoder-webm-vorbis: bf7c407c2cedff20999df2af8eb42d56 -> 
========================================================================
Received Prepare
Registering precompiled user dll's ...
Registered in 0.010308 seconds.
Begin MonoManager ReloadAssembly
Native extension for WindowsStandalone target not found
Native extension for WebGL target not found
Refreshing native plugins compatible for Editor in 0.86 ms, found 3 plugins.
Preloading 0 native plugins for Editor in 0.00 ms.
Mono: successfully reloaded assembly
- Completed reload, in  3.204 seconds
Domain Reload Profiling:
	ReloadAssembly (3205ms)
		BeginReloadAssembly (339ms)
			ExecutionOrderSort (0ms)
			DisableScriptedObjects (22ms)
			BackupInstance (0ms)
			ReleaseScriptingObjects (0ms)
			CreateAndSetChildDomain (120ms)
		EndReloadAssembly (2692ms)
			LoadAssemblies (363ms)
			RebuildTransferFunctionScriptingTraits (0ms)
			SetupTypeCache (1137ms)
			ReleaseScriptCaches (3ms)
			RebuildScriptCaches (143ms)
			SetupLoadedEditorAssemblies (795ms)
				LogAssemblyErrors (0ms)
				InitializePlatformSupportModulesInManaged (9ms)
				SetLoadedEditorAssemblies (1ms)
				RefreshPlugins (1ms)
				BeforeProcessingInitializeOnLoad (251ms)
				ProcessInitializeOnLoadAttributes (510ms)
				ProcessInitializeOnLoadMethodAttributes (9ms)
				AfterProcessingInitializeOnLoad (15ms)
				EditorAssembliesLoaded (0ms)
			ExecutionOrderSort2 (0ms)
			AwakeInstancesAfterBackupRestoration (26ms)
Platform modules already initialized, skipping
Shader 'Universal Render Pipeline/Particles/Lit': fallback shader 'Universal Render Pipeline/Particles/SimpleLit' not found
Refreshing native plugins compatible for Editor in 1.39 ms, found 3 plugins.
Preloading 0 native plugins for Editor in 0.00 ms.
Unloading 3573 Unused Serialized files (Serialized files now loaded: 0)
System memory in use before: 155.4 MB.
System memory in use after: 155.6 MB.

Unloading 21 unused Assets to reduce memory usage. Loaded Objects now: 4229.
Total: 8.351900 ms (FindLiveObjects: 0.805200 ms CreateObjectMapping: 0.407500 ms MarkObjects: 6.870900 ms  DeleteObjects: 0.265400 ms)

AssetImportParameters requested are different than current active one (requested -> active):
  custom:framework-win-MediaFoundation: 216162199b28c13a410421893ffa2e32 -> 
  custom:video-decoder-ogg-theora: a1e56fd34408186e4bbccfd4996cb3dc -> 
  custom:container-muxer-webm: aa71ff27fc2769a1b78a27578f13a17b -> 
  custom:container-demuxer-webm: 4f35f7cbe854078d1ac9338744f61a02 -> 
  custom:container-demuxer-ogg: 62fdf1f143b41e24485cea50d1cbac27 -> 
  custom:video-encoder-webm-vp8: eb34c28f22e8b96e1ab97ce403110664 -> 
  custom:video-codec-MediaFoundation-h265: 746d11721c4dcdbdad8f713fa42b33f4 -> 
  custom:video-decoder-webm-vp8: 9c59270c3fd7afecdb556c50c9e8de78 -> 
  custom:audio-decoder-ogg-vorbis: bf7c407c2cedff20999df2af8eb42d56 -> 
  custom:audio-encoder-webm-vorbis: bf7c407c2cedff20999df2af8eb42d56 -> 
========================================================================
Received Import Request.
  Time since last request: 135.738431 seconds.
  path: Assets/Scripts/Missile.cs
  artifactKey: Guid(d6dea5e76732a7744bdf74295920e599) Importer(815301076,1909f56bfc062723c751e8b465ee728b)
Start importing Assets/Scripts/Missile.cs using Guid(d6dea5e76732a7744bdf74295920e599) Importer(815301076,1909f56bfc062723c751e8b465ee728b)  -> (artifact id: '97f88691745db63973837e5fc3b6cf73') in 0.017437 seconds 
  Import took 0.033113 seconds .

========================================================================
Received Import Request.
  Time since last request: 3.233091 seconds.
  path: Assets/Prefabs/Enemy Piercing Bullet.prefab
  artifactKey: Guid(cda78298e07c89948bf7efbf1de0e87b) Importer(815301076,1909f56bfc062723c751e8b465ee728b)
Start importing Assets/Prefabs/Enemy Piercing Bullet.prefab using Guid(cda78298e07c89948bf7efbf1de0e87b) Importer(815301076,1909f56bfc062723c751e8b465ee728b)  -> (artifact id: '9979cbcb218392594381eff154acedd4') in 0.313387 seconds 
  Import took 0.327377 seconds .

========================================================================
Received Import Request.
  Time since last request: 0.529319 seconds.
  path: Assets/Prefabs/Enemy Rocket.prefab
  artifactKey: Guid(d07b18d970145ac4fbf8624db7dbe690) Importer(815301076,1909f56bfc062723c751e8b465ee728b)
Start importing Assets/Prefabs/Enemy Rocket.prefab using Guid(d07b18d970145ac4fbf8624db7dbe690) Importer(815301076,1909f56bfc062723c751e8b465ee728b)  -> (artifact id: '92e95b33bda87458be6d95d6d78b8e58') in 0.035168 seconds 
  Import took 0.054366 seconds .

========================================================================
Received Import Request.
  Time since last request: 0.038171 seconds.
  path: Assets/Prefabs/Enemy Rocket.prefab
  artifactKey: Guid(d07b18d970145ac4fbf8624db7dbe690) Importer(815301076,1909f56bfc062723c751e8b465ee728b)
Start importing Assets/Prefabs/Enemy Rocket.prefab using Guid(d07b18d970145ac4fbf8624db7dbe690) Importer(815301076,1909f56bfc062723c751e8b465ee728b)  -> (artifact id: '92e95b33bda87458be6d95d6d78b8e58') in 0.046773 seconds 
  Import took 0.065841 seconds .

========================================================================
Received Prepare
Registering precompiled user dll's ...
Registered in 0.017773 seconds.
Begin MonoManager ReloadAssembly
Native extension for WindowsStandalone target not found
Native extension for WebGL target not found
Refreshing native plugins compatible for Editor in 1.80 ms, found 3 plugins.
Preloading 0 native plugins for Editor in 0.00 ms.
Mono: successfully reloaded assembly
- Completed reload, in  3.267 seconds
Domain Reload Profiling:
	ReloadAssembly (3268ms)
		BeginReloadAssembly (307ms)
			ExecutionOrderSort (0ms)
			DisableScriptedObjects (22ms)
			BackupInstance (0ms)
			ReleaseScriptingObjects (0ms)
			CreateAndSetChildDomain (96ms)
		EndReloadAssembly (2774ms)
			LoadAssemblies (299ms)
			RebuildTransferFunctionScriptingTraits (0ms)
			SetupTypeCache (870ms)
			ReleaseScriptCaches (3ms)
			RebuildScriptCaches (138ms)
			SetupLoadedEditorAssemblies (1045ms)
				LogAssemblyErrors (0ms)
				InitializePlatformSupportModulesInManaged (15ms)
				SetLoadedEditorAssemblies (1ms)
				RefreshPlugins (2ms)
				BeforeProcessingInitializeOnLoad (326ms)
				ProcessInitializeOnLoadAttributes (652ms)
				ProcessInitializeOnLoadMethodAttributes (18ms)
				AfterProcessingInitializeOnLoad (30ms)
				EditorAssembliesLoaded (1ms)
			ExecutionOrderSort2 (0ms)
			AwakeInstancesAfterBackupRestoration (52ms)
Platform modules already initialized, skipping
Shader 'Universal Render Pipeline/Particles/Lit': fallback shader 'Universal Render Pipeline/Particles/SimpleLit' not found
Refreshing native plugins compatible for Editor in 1.51 ms, found 3 plugins.
Preloading 0 native plugins for Editor in 0.00 ms.
Unloading 3573 Unused Serialized files (Serialized files now loaded: 0)
System memory in use before: 155.4 MB.
System memory in use after: 155.6 MB.

Unloading 21 unused Assets to reduce memory usage. Loaded Objects now: 4268.
Total: 9.646200 ms (FindLiveObjects: 0.839400 ms CreateObjectMapping: 0.511000 ms MarkObjects: 8.012700 ms  DeleteObjects: 0.279600 ms)

AssetImportParameters requested are different than current active one (requested -> active):
  custom:framework-win-MediaFoundation: 216162199b28c13a410421893ffa2e32 -> 
  custom:video-decoder-ogg-theora: a1e56fd34408186e4bbccfd4996cb3dc -> 
  custom:container-muxer-webm: aa71ff27fc2769a1b78a27578f13a17b -> 
  custom:container-demuxer-webm: 4f35f7cbe854078d1ac9338744f61a02 -> 
  custom:container-demuxer-ogg: 62fdf1f143b41e24485cea50d1cbac27 -> 
  custom:video-encoder-webm-vp8: eb34c28f22e8b96e1ab97ce403110664 -> 
  custom:video-codec-MediaFoundation-h265: 746d11721c4dcdbdad8f713fa42b33f4 -> 
  custom:video-decoder-webm-vp8: 9c59270c3fd7afecdb556c50c9e8de78 -> 
  custom:audio-decoder-ogg-vorbis: bf7c407c2cedff20999df2af8eb42d56 -> 
  custom:audio-encoder-webm-vorbis: bf7c407c2cedff20999df2af8eb42d56 -> 
========================================================================
Received Import Request.
  Time since last request: 13.517826 seconds.
  path: Assets/Prefabs/Enemy Rocket.prefab
  artifactKey: Guid(d07b18d970145ac4fbf8624db7dbe690) Importer(815301076,1909f56bfc062723c751e8b465ee728b)
Start importing Assets/Prefabs/Enemy Rocket.prefab using Guid(d07b18d970145ac4fbf8624db7dbe690) Importer(815301076,1909f56bfc062723c751e8b465ee728b)  -> (artifact id: '00000000000000000000000000000000') in 0.427909 seconds  code(4) message(Build asset version error: assets/prefabs/enemy rocket.prefab in SourceAssetDB has modification time of '2022-11-02T02:36:07.8363454Z' while content on disk has modification time of '2022-11-02T02:36:15.9235531Z')
  ERROR: Build asset version error: assets/prefabs/enemy rocket.prefab in SourceAssetDB has modification time of '2022-11-02T02:36:07.8363454Z' while content on disk has modification time of '2022-11-02T02:36:15.9235531Z'
  Import took 0.444461 seconds .

========================================================================
Received Import Request.
  Time since last request: 0.179697 seconds.
  path: Assets/Prefabs/Enemy Rocket.prefab
  artifactKey: Guid(d07b18d970145ac4fbf8624db7dbe690) Importer(815301076,1909f56bfc062723c751e8b465ee728b)
Start importing Assets/Prefabs/Enemy Rocket.prefab using Guid(d07b18d970145ac4fbf8624db7dbe690) Importer(815301076,1909f56bfc062723c751e8b465ee728b)  -> (artifact id: 'b29f77d658c5ced704f2e89f7de12383') in 0.037679 seconds 
  Import took 0.054858 seconds .

========================================================================
Received Import Request.
  Time since last request: 0.082557 seconds.
  path: Assets/Prefabs/Enemy Rocket.prefab
  artifactKey: Guid(d07b18d970145ac4fbf8624db7dbe690) Importer(815301076,1909f56bfc062723c751e8b465ee728b)
Start importing Assets/Prefabs/Enemy Rocket.prefab using Guid(d07b18d970145ac4fbf8624db7dbe690) Importer(815301076,1909f56bfc062723c751e8b465ee728b)  -> (artifact id: 'b29f77d658c5ced704f2e89f7de12383') in 0.043140 seconds 
  Import took 0.063173 seconds .

========================================================================
Received Import Request.
  Time since last request: 2.650248 seconds.
  path: Assets/Prefabs/Enemy Rocket.prefab
  artifactKey: Guid(d07b18d970145ac4fbf8624db7dbe690) Importer(815301076,1909f56bfc062723c751e8b465ee728b)
Start importing Assets/Prefabs/Enemy Rocket.prefab using Guid(d07b18d970145ac4fbf8624db7dbe690) Importer(815301076,1909f56bfc062723c751e8b465ee728b)  -> (artifact id: '14e5c6a64d1aa228c1545a2dbeff1b3b') in 0.041128 seconds 
  Import took 0.059296 seconds .

========================================================================
Received Import Request.
  Time since last request: 0.006705 seconds.
  path: Assets/Prefabs/Enemy Rocket.prefab
  artifactKey: Guid(d07b18d970145ac4fbf8624db7dbe690) Importer(815301076,1909f56bfc062723c751e8b465ee728b)
Start importing Assets/Prefabs/Enemy Rocket.prefab using Guid(d07b18d970145ac4fbf8624db7dbe690) Importer(815301076,1909f56bfc062723c751e8b465ee728b)  -> (artifact id: '14e5c6a64d1aa228c1545a2dbeff1b3b') in 0.039251 seconds 
  Import took 0.056962 seconds .

========================================================================
Received Import Request.
  Time since last request: 3.824802 seconds.
  path: Assets/Prefabs/Enemy Rocket.prefab
  artifactKey: Guid(d07b18d970145ac4fbf8624db7dbe690) Importer(815301076,1909f56bfc062723c751e8b465ee728b)
Start importing Assets/Prefabs/Enemy Rocket.prefab using Guid(d07b18d970145ac4fbf8624db7dbe690) Importer(815301076,1909f56bfc062723c751e8b465ee728b)  -> (artifact id: '77099e8df9570b712998abea50cf726c') in 0.037852 seconds 
  Import took 0.055868 seconds .

========================================================================
Received Import Request.
  Time since last request: 0.012258 seconds.
  path: Assets/Prefabs/Enemy Rocket.prefab
  artifactKey: Guid(d07b18d970145ac4fbf8624db7dbe690) Importer(815301076,1909f56bfc062723c751e8b465ee728b)
Start importing Assets/Prefabs/Enemy Rocket.prefab using Guid(d07b18d970145ac4fbf8624db7dbe690) Importer(815301076,1909f56bfc062723c751e8b465ee728b)  -> (artifact id: '77099e8df9570b712998abea50cf726c') in 0.041712 seconds 
  Import took 0.058844 seconds .

========================================================================
Received Prepare
Registering precompiled user dll's ...
Registered in 0.009178 seconds.
Begin MonoManager ReloadAssembly
Native extension for WindowsStandalone target not found
Native extension for WebGL target not found
Refreshing native plugins compatible for Editor in 0.92 ms, found 3 plugins.
Preloading 0 native plugins for Editor in 0.00 ms.
Mono: successfully reloaded assembly
- Completed reload, in  2.328 seconds
Domain Reload Profiling:
	ReloadAssembly (2329ms)
		BeginReloadAssembly (286ms)
			ExecutionOrderSort (0ms)
			DisableScriptedObjects (14ms)
			BackupInstance (0ms)
			ReleaseScriptingObjects (0ms)
			CreateAndSetChildDomain (81ms)
		EndReloadAssembly (1847ms)
			LoadAssemblies (293ms)
			RebuildTransferFunctionScriptingTraits (0ms)
			SetupTypeCache (605ms)
			ReleaseScriptCaches (2ms)
			RebuildScriptCaches (105ms)
			SetupLoadedEditorAssemblies (565ms)
				LogAssemblyErrors (0ms)
				InitializePlatformSupportModulesInManaged (10ms)
				SetLoadedEditorAssemblies (1ms)
				RefreshPlugins (1ms)
				BeforeProcessingInitializeOnLoad (202ms)
				ProcessInitializeOnLoadAttributes (331ms)
				ProcessInitializeOnLoadMethodAttributes (7ms)
				AfterProcessingInitializeOnLoad (13ms)
				EditorAssembliesLoaded (0ms)
			ExecutionOrderSort2 (0ms)
			AwakeInstancesAfterBackupRestoration (28ms)
Platform modules already initialized, skipping
Shader 'Universal Render Pipeline/Particles/Lit': fallback shader 'Universal Render Pipeline/Particles/SimpleLit' not found
Refreshing native plugins compatible for Editor in 1.63 ms, found 3 plugins.
Preloading 0 native plugins for Editor in 0.00 ms.
Unloading 3573 Unused Serialized files (Serialized files now loaded: 0)
System memory in use before: 155.7 MB.
System memory in use after: 155.8 MB.

Unloading 21 unused Assets to reduce memory usage. Loaded Objects now: 4307.
Total: 11.017300 ms (FindLiveObjects: 0.921500 ms CreateObjectMapping: 0.574800 ms MarkObjects: 9.190900 ms  DeleteObjects: 0.326600 ms)

AssetImportParameters requested are different than current active one (requested -> active):
  custom:framework-win-MediaFoundation: 216162199b28c13a410421893ffa2e32 -> 
  custom:video-decoder-ogg-theora: a1e56fd34408186e4bbccfd4996cb3dc -> 
  custom:container-muxer-webm: aa71ff27fc2769a1b78a27578f13a17b -> 
  custom:container-demuxer-webm: 4f35f7cbe854078d1ac9338744f61a02 -> 
  custom:container-demuxer-ogg: 62fdf1f143b41e24485cea50d1cbac27 -> 
  custom:video-encoder-webm-vp8: eb34c28f22e8b96e1ab97ce403110664 -> 
  custom:video-codec-MediaFoundation-h265: 746d11721c4dcdbdad8f713fa42b33f4 -> 
  custom:video-decoder-webm-vp8: 9c59270c3fd7afecdb556c50c9e8de78 -> 
  custom:audio-decoder-ogg-vorbis: bf7c407c2cedff20999df2af8eb42d56 -> 
  custom:audio-encoder-webm-vorbis: bf7c407c2cedff20999df2af8eb42d56 -> 
========================================================================
Received Prepare
Registering precompiled user dll's ...
Registered in 0.010805 seconds.
Begin MonoManager ReloadAssembly
Native extension for WindowsStandalone target not found
Native extension for WebGL target not found
Refreshing native plugins compatible for Editor in 1.58 ms, found 3 plugins.
Preloading 0 native plugins for Editor in 0.00 ms.
Mono: successfully reloaded assembly
- Completed reload, in  2.344 seconds
Domain Reload Profiling:
	ReloadAssembly (2345ms)
		BeginReloadAssembly (303ms)
			ExecutionOrderSort (0ms)
			DisableScriptedObjects (24ms)
			BackupInstance (0ms)
			ReleaseScriptingObjects (0ms)
			CreateAndSetChildDomain (84ms)
		EndReloadAssembly (1903ms)
			LoadAssemblies (225ms)
			RebuildTransferFunctionScriptingTraits (0ms)
			SetupTypeCache (590ms)
			ReleaseScriptCaches (3ms)
			RebuildScriptCaches (133ms)
			SetupLoadedEditorAssemblies (673ms)
				LogAssemblyErrors (0ms)
				InitializePlatformSupportModulesInManaged (13ms)
				SetLoadedEditorAssemblies (1ms)
				RefreshPlugins (2ms)
				BeforeProcessingInitializeOnLoad (172ms)
				ProcessInitializeOnLoadAttributes (465ms)
				ProcessInitializeOnLoadMethodAttributes (7ms)
				AfterProcessingInitializeOnLoad (12ms)
				EditorAssembliesLoaded (0ms)
			ExecutionOrderSort2 (0ms)
			AwakeInstancesAfterBackupRestoration (25ms)
Platform modules already initialized, skipping
Shader 'Universal Render Pipeline/Particles/Lit': fallback shader 'Universal Render Pipeline/Particles/SimpleLit' not found
Refreshing native plugins compatible for Editor in 2.72 ms, found 3 plugins.
Preloading 0 native plugins for Editor in 0.00 ms.
Unloading 3573 Unused Serialized files (Serialized files now loaded: 0)
System memory in use before: 155.7 MB.
System memory in use after: 155.8 MB.

Unloading 21 unused Assets to reduce memory usage. Loaded Objects now: 4310.
Total: 8.276300 ms (FindLiveObjects: 0.679600 ms CreateObjectMapping: 0.417600 ms MarkObjects: 6.885300 ms  DeleteObjects: 0.291500 ms)

AssetImportParameters requested are different than current active one (requested -> active):
  custom:framework-win-MediaFoundation: 216162199b28c13a410421893ffa2e32 -> 
  custom:video-decoder-ogg-theora: a1e56fd34408186e4bbccfd4996cb3dc -> 
  custom:container-muxer-webm: aa71ff27fc2769a1b78a27578f13a17b -> 
  custom:container-demuxer-webm: 4f35f7cbe854078d1ac9338744f61a02 -> 
  custom:container-demuxer-ogg: 62fdf1f143b41e24485cea50d1cbac27 -> 
  custom:video-encoder-webm-vp8: eb34c28f22e8b96e1ab97ce403110664 -> 
  custom:video-codec-MediaFoundation-h265: 746d11721c4dcdbdad8f713fa42b33f4 -> 
  custom:video-decoder-webm-vp8: 9c59270c3fd7afecdb556c50c9e8de78 -> 
  custom:audio-decoder-ogg-vorbis: bf7c407c2cedff20999df2af8eb42d56 -> 
  custom:audio-encoder-webm-vorbis: bf7c407c2cedff20999df2af8eb42d56 -> 
========================================================================
Received Prepare
Registering precompiled user dll's ...
Registered in 0.009305 seconds.
Begin MonoManager ReloadAssembly
Native extension for WindowsStandalone target not found
Native extension for WebGL target not found
Refreshing native plugins compatible for Editor in 1.54 ms, found 3 plugins.
Preloading 0 native plugins for Editor in 0.00 ms.
Mono: successfully reloaded assembly
- Completed reload, in  2.550 seconds
Domain Reload Profiling:
	ReloadAssembly (2550ms)
		BeginReloadAssembly (202ms)
			ExecutionOrderSort (0ms)
			DisableScriptedObjects (13ms)
			BackupInstance (0ms)
			ReleaseScriptingObjects (0ms)
			CreateAndSetChildDomain (58ms)
		EndReloadAssembly (2191ms)
			LoadAssemblies (211ms)
			RebuildTransferFunctionScriptingTraits (0ms)
			SetupTypeCache (630ms)
			ReleaseScriptCaches (2ms)
			RebuildScriptCaches (100ms)
			SetupLoadedEditorAssemblies (862ms)
				LogAssemblyErrors (0ms)
				InitializePlatformSupportModulesInManaged (12ms)
				SetLoadedEditorAssemblies (1ms)
				RefreshPlugins (2ms)
				BeforeProcessingInitializeOnLoad (245ms)
				ProcessInitializeOnLoadAttributes (571ms)
				ProcessInitializeOnLoadMethodAttributes (12ms)
				AfterProcessingInitializeOnLoad (19ms)
				EditorAssembliesLoaded (0ms)
			ExecutionOrderSort2 (0ms)
			AwakeInstancesAfterBackupRestoration (37ms)
Platform modules already initialized, skipping
Shader 'Universal Render Pipeline/Particles/Lit': fallback shader 'Universal Render Pipeline/Particles/SimpleLit' not found
Refreshing native plugins compatible for Editor in 1.97 ms, found 3 plugins.
Preloading 0 native plugins for Editor in 0.00 ms.
Unloading 3573 Unused Serialized files (Serialized files now loaded: 0)
System memory in use before: 155.6 MB.
System memory in use after: 155.8 MB.

Unloading 21 unused Assets to reduce memory usage. Loaded Objects now: 4313.
Total: 11.606500 ms (FindLiveObjects: 0.877400 ms CreateObjectMapping: 0.575000 ms MarkObjects: 9.791900 ms  DeleteObjects: 0.357300 ms)

AssetImportParameters requested are different than current active one (requested -> active):
  custom:framework-win-MediaFoundation: 216162199b28c13a410421893ffa2e32 -> 
  custom:video-decoder-ogg-theora: a1e56fd34408186e4bbccfd4996cb3dc -> 
  custom:container-muxer-webm: aa71ff27fc2769a1b78a27578f13a17b -> 
  custom:container-demuxer-webm: 4f35f7cbe854078d1ac9338744f61a02 -> 
  custom:container-demuxer-ogg: 62fdf1f143b41e24485cea50d1cbac27 -> 
  custom:video-encoder-webm-vp8: eb34c28f22e8b96e1ab97ce403110664 -> 
  custom:video-codec-MediaFoundation-h265: 746d11721c4dcdbdad8f713fa42b33f4 -> 
  custom:video-decoder-webm-vp8: 9c59270c3fd7afecdb556c50c9e8de78 -> 
  custom:audio-decoder-ogg-vorbis: bf7c407c2cedff20999df2af8eb42d56 -> 
  custom:audio-encoder-webm-vorbis: bf7c407c2cedff20999df2af8eb42d56 -> 
========================================================================
Received Prepare
Registering precompiled user dll's ...
Registered in 0.015321 seconds.
Begin MonoManager ReloadAssembly
Native extension for WindowsStandalone target not found
Native extension for WebGL target not found
Refreshing native plugins compatible for Editor in 1.70 ms, found 3 plugins.
Preloading 0 native plugins for Editor in 0.00 ms.
Mono: successfully reloaded assembly
- Completed reload, in  3.411 seconds
Domain Reload Profiling:
	ReloadAssembly (3412ms)
		BeginReloadAssembly (311ms)
			ExecutionOrderSort (0ms)
			DisableScriptedObjects (18ms)
			BackupInstance (0ms)
			ReleaseScriptingObjects (0ms)
			CreateAndSetChildDomain (111ms)
		EndReloadAssembly (2856ms)
			LoadAssemblies (334ms)
			RebuildTransferFunctionScriptingTraits (0ms)
			SetupTypeCache (1054ms)
			ReleaseScriptCaches (3ms)
			RebuildScriptCaches (148ms)
			SetupLoadedEditorAssemblies (950ms)
				LogAssemblyErrors (0ms)
				InitializePlatformSupportModulesInManaged (13ms)
				SetLoadedEditorAssemblies (1ms)
				RefreshPlugins (2ms)
				BeforeProcessingInitializeOnLoad (293ms)
				ProcessInitializeOnLoadAttributes (596ms)
				ProcessInitializeOnLoadMethodAttributes (18ms)
				AfterProcessingInitializeOnLoad (25ms)
				EditorAssembliesLoaded (0ms)
			ExecutionOrderSort2 (0ms)
			AwakeInstancesAfterBackupRestoration (33ms)
Platform modules already initialized, skipping
Shader 'Universal Render Pipeline/Particles/Lit': fallback shader 'Universal Render Pipeline/Particles/SimpleLit' not found
Refreshing native plugins compatible for Editor in 1.66 ms, found 3 plugins.
Preloading 0 native plugins for Editor in 0.00 ms.
Unloading 3573 Unused Serialized files (Serialized files now loaded: 0)
System memory in use before: 155.6 MB.
System memory in use after: 155.8 MB.

Unloading 21 unused Assets to reduce memory usage. Loaded Objects now: 4316.
Total: 13.005600 ms (FindLiveObjects: 0.818300 ms CreateObjectMapping: 0.445400 ms MarkObjects: 11.389700 ms  DeleteObjects: 0.348700 ms)

AssetImportParameters requested are different than current active one (requested -> active):
  custom:framework-win-MediaFoundation: 216162199b28c13a410421893ffa2e32 -> 
  custom:video-decoder-ogg-theora: a1e56fd34408186e4bbccfd4996cb3dc -> 
  custom:container-muxer-webm: aa71ff27fc2769a1b78a27578f13a17b -> 
  custom:container-demuxer-webm: 4f35f7cbe854078d1ac9338744f61a02 -> 
  custom:container-demuxer-ogg: 62fdf1f143b41e24485cea50d1cbac27 -> 
  custom:video-encoder-webm-vp8: eb34c28f22e8b96e1ab97ce403110664 -> 
  custom:video-codec-MediaFoundation-h265: 746d11721c4dcdbdad8f713fa42b33f4 -> 
  custom:video-decoder-webm-vp8: 9c59270c3fd7afecdb556c50c9e8de78 -> 
  custom:audio-decoder-ogg-vorbis: bf7c407c2cedff20999df2af8eb42d56 -> 
  custom:audio-encoder-webm-vorbis: bf7c407c2cedff20999df2af8eb42d56 -> 
========================================================================
Received Import Request.
  Time since last request: 539.142416 seconds.
  path: Assets/Prefabs/Player Missile.prefab
  artifactKey: Guid(c3592a7d2d41d4d4f89cd0ace5e6fb22) Importer(815301076,1909f56bfc062723c751e8b465ee728b)
Start importing Assets/Prefabs/Player Missile.prefab using Guid(c3592a7d2d41d4d4f89cd0ace5e6fb22) Importer(815301076,1909f56bfc062723c751e8b465ee728b)  -> (artifact id: '1715c382c892786107aee2bb3203b78e') in 0.448535 seconds 
  Import took 0.465506 seconds .

========================================================================
Received Import Request.
  Time since last request: 1.604519 seconds.
  path: Assets/Prefabs/Player Missile.prefab
  artifactKey: Guid(c3592a7d2d41d4d4f89cd0ace5e6fb22) Importer(815301076,1909f56bfc062723c751e8b465ee728b)
Start importing Assets/Prefabs/Player Missile.prefab using Guid(c3592a7d2d41d4d4f89cd0ace5e6fb22) Importer(815301076,1909f56bfc062723c751e8b465ee728b)  -> (artifact id: '7e9436a6e47c488717f2f5123962ffc5') in 0.036293 seconds 
  Import took 0.054132 seconds .

========================================================================
Received Import Request.
  Time since last request: 4.716914 seconds.
  path: Assets/Prefabs/Player Missile.prefab
  artifactKey: Guid(c3592a7d2d41d4d4f89cd0ace5e6fb22) Importer(815301076,1909f56bfc062723c751e8b465ee728b)
Start importing Assets/Prefabs/Player Missile.prefab using Guid(c3592a7d2d41d4d4f89cd0ace5e6fb22) Importer(815301076,1909f56bfc062723c751e8b465ee728b)  -> (artifact id: 'a9d043fbdb662aa3002e1d3fbb687c23') in 0.041960 seconds 
  Import took 0.062304 seconds .

========================================================================
Received Import Request.
  Time since last request: 8.994205 seconds.
  path: Assets/Prefabs/Player Missile.prefab
  artifactKey: Guid(c3592a7d2d41d4d4f89cd0ace5e6fb22) Importer(815301076,1909f56bfc062723c751e8b465ee728b)
Start importing Assets/Prefabs/Player Missile.prefab using Guid(c3592a7d2d41d4d4f89cd0ace5e6fb22) Importer(815301076,1909f56bfc062723c751e8b465ee728b)  -> (artifact id: '340f86e49beb8b329025283067154a0e') in 0.048184 seconds 
  Import took 0.068806 seconds .

========================================================================
Received Prepare
Registering precompiled user dll's ...
Registered in 0.017247 seconds.
Begin MonoManager ReloadAssembly
Native extension for WindowsStandalone target not found
Native extension for WebGL target not found
Refreshing native plugins compatible for Editor in 1.27 ms, found 3 plugins.
Preloading 0 native plugins for Editor in 0.00 ms.
Mono: successfully reloaded assembly
- Completed reload, in  2.678 seconds
Domain Reload Profiling:
	ReloadAssembly (2679ms)
		BeginReloadAssembly (307ms)
			ExecutionOrderSort (0ms)
			DisableScriptedObjects (20ms)
			BackupInstance (0ms)
			ReleaseScriptingObjects (0ms)
			CreateAndSetChildDomain (95ms)
		EndReloadAssembly (2209ms)
			LoadAssemblies (265ms)
			RebuildTransferFunctionScriptingTraits (0ms)
			SetupTypeCache (753ms)
			ReleaseScriptCaches (2ms)
			RebuildScriptCaches (139ms)
			SetupLoadedEditorAssemblies (823ms)
				LogAssemblyErrors (0ms)
				InitializePlatformSupportModulesInManaged (12ms)
				SetLoadedEditorAssemblies (1ms)
				RefreshPlugins (1ms)
				BeforeProcessingInitializeOnLoad (298ms)
				ProcessInitializeOnLoadAttributes (491ms)
				ProcessInitializeOnLoadMethodAttributes (8ms)
				AfterProcessingInitializeOnLoad (12ms)
				EditorAssembliesLoaded (0ms)
			ExecutionOrderSort2 (0ms)
			AwakeInstancesAfterBackupRestoration (26ms)
Platform modules already initialized, skipping
Shader 'Universal Render Pipeline/Particles/Lit': fallback shader 'Universal Render Pipeline/Particles/SimpleLit' not found
Refreshing native plugins compatible for Editor in 1.31 ms, found 3 plugins.
Preloading 0 native plugins for Editor in 0.00 ms.
Unloading 3573 Unused Serialized files (Serialized files now loaded: 0)
System memory in use before: 155.7 MB.
System memory in use after: 155.9 MB.

Unloading 21 unused Assets to reduce memory usage. Loaded Objects now: 4355.
Total: 7.188600 ms (FindLiveObjects: 0.619000 ms CreateObjectMapping: 0.360100 ms MarkObjects: 5.936600 ms  DeleteObjects: 0.270900 ms)

AssetImportParameters requested are different than current active one (requested -> active):
  custom:framework-win-MediaFoundation: 216162199b28c13a410421893ffa2e32 -> 
  custom:video-decoder-ogg-theora: a1e56fd34408186e4bbccfd4996cb3dc -> 
  custom:container-muxer-webm: aa71ff27fc2769a1b78a27578f13a17b -> 
  custom:container-demuxer-webm: 4f35f7cbe854078d1ac9338744f61a02 -> 
  custom:container-demuxer-ogg: 62fdf1f143b41e24485cea50d1cbac27 -> 
  custom:video-encoder-webm-vp8: eb34c28f22e8b96e1ab97ce403110664 -> 
  custom:video-codec-MediaFoundation-h265: 746d11721c4dcdbdad8f713fa42b33f4 -> 
  custom:video-decoder-webm-vp8: 9c59270c3fd7afecdb556c50c9e8de78 -> 
  custom:audio-decoder-ogg-vorbis: bf7c407c2cedff20999df2af8eb42d56 -> 
  custom:audio-encoder-webm-vorbis: bf7c407c2cedff20999df2af8eb42d56 -> 
========================================================================
Received Import Request.
  Time since last request: 60.906526 seconds.
  path: Assets/Prefabs/Player Missile.prefab
  artifactKey: Guid(c3592a7d2d41d4d4f89cd0ace5e6fb22) Importer(815301076,1909f56bfc062723c751e8b465ee728b)
Start importing Assets/Prefabs/Player Missile.prefab using Guid(c3592a7d2d41d4d4f89cd0ace5e6fb22) Importer(815301076,1909f56bfc062723c751e8b465ee728b)  -> (artifact id: 'b4549c2207c792e32154899aaf4c2794') in 0.417913 seconds 
  Import took 0.435028 seconds .

========================================================================
Received Prepare
Registering precompiled user dll's ...
Registered in 0.015588 seconds.
Begin MonoManager ReloadAssembly
Native extension for WindowsStandalone target not found
Native extension for WebGL target not found
Refreshing native plugins compatible for Editor in 1.33 ms, found 3 plugins.
Preloading 0 native plugins for Editor in 0.00 ms.
Mono: successfully reloaded assembly
- Completed reload, in  3.370 seconds
Domain Reload Profiling:
	ReloadAssembly (3371ms)
		BeginReloadAssembly (337ms)
			ExecutionOrderSort (0ms)
			DisableScriptedObjects (23ms)
			BackupInstance (0ms)
			ReleaseScriptingObjects (0ms)
			CreateAndSetChildDomain (98ms)
		EndReloadAssembly (2817ms)
			LoadAssemblies (310ms)
			RebuildTransferFunctionScriptingTraits (0ms)
			SetupTypeCache (987ms)
			ReleaseScriptCaches (3ms)
			RebuildScriptCaches (142ms)
			SetupLoadedEditorAssemblies (1005ms)
				LogAssemblyErrors (0ms)
				InitializePlatformSupportModulesInManaged (14ms)
				SetLoadedEditorAssemblies (1ms)
				RefreshPlugins (2ms)
				BeforeProcessingInitializeOnLoad (333ms)
				ProcessInitializeOnLoadAttributes (616ms)
				ProcessInitializeOnLoadMethodAttributes (17ms)
				AfterProcessingInitializeOnLoad (22ms)
				EditorAssembliesLoaded (0ms)
			ExecutionOrderSort2 (0ms)
			AwakeInstancesAfterBackupRestoration (30ms)
Platform modules already initialized, skipping
Shader 'Universal Render Pipeline/Particles/Lit': fallback shader 'Universal Render Pipeline/Particles/SimpleLit' not found
Refreshing native plugins compatible for Editor in 1.22 ms, found 3 plugins.
Preloading 0 native plugins for Editor in 0.00 ms.
Unloading 3573 Unused Serialized files (Serialized files now loaded: 0)
System memory in use before: 155.9 MB.
System memory in use after: 156.1 MB.

Unloading 21 unused Assets to reduce memory usage. Loaded Objects now: 4394.
Total: 7.699100 ms (FindLiveObjects: 0.727700 ms CreateObjectMapping: 0.382700 ms MarkObjects: 6.340000 ms  DeleteObjects: 0.246500 ms)

AssetImportParameters requested are different than current active one (requested -> active):
  custom:framework-win-MediaFoundation: 216162199b28c13a410421893ffa2e32 -> 
  custom:video-decoder-ogg-theora: a1e56fd34408186e4bbccfd4996cb3dc -> 
  custom:container-muxer-webm: aa71ff27fc2769a1b78a27578f13a17b -> 
  custom:container-demuxer-webm: 4f35f7cbe854078d1ac9338744f61a02 -> 
  custom:container-demuxer-ogg: 62fdf1f143b41e24485cea50d1cbac27 -> 
  custom:video-encoder-webm-vp8: eb34c28f22e8b96e1ab97ce403110664 -> 
  custom:video-codec-MediaFoundation-h265: 746d11721c4dcdbdad8f713fa42b33f4 -> 
  custom:video-decoder-webm-vp8: 9c59270c3fd7afecdb556c50c9e8de78 -> 
  custom:audio-decoder-ogg-vorbis: bf7c407c2cedff20999df2af8eb42d56 -> 
  custom:audio-encoder-webm-vorbis: bf7c407c2cedff20999df2af8eb42d56 -> 
========================================================================
Received Import Request.
  Time since last request: 19.675110 seconds.
  path: Assets/Scripts/Missile.cs
  artifactKey: Guid(d6dea5e76732a7744bdf74295920e599) Importer(815301076,1909f56bfc062723c751e8b465ee728b)
Start importing Assets/Scripts/Missile.cs using Guid(d6dea5e76732a7744bdf74295920e599) Importer(815301076,1909f56bfc062723c751e8b465ee728b)  -> (artifact id: '36074cd05ff9d6a294fd56b5b2c1e8db') in 0.013685 seconds 
  Import took 0.025923 seconds .

========================================================================
Received Import Request.
  Time since last request: 7.457867 seconds.
  path: Assets/Scripts/PiercingBullet.cs
  artifactKey: Guid(0cd32e9e90609564bb1a21a969fe98eb) Importer(815301076,1909f56bfc062723c751e8b465ee728b)
Start importing Assets/Scripts/PiercingBullet.cs using Guid(0cd32e9e90609564bb1a21a969fe98eb) Importer(815301076,1909f56bfc062723c751e8b465ee728b)  -> (artifact id: '3c63537dc5f56e5702a81b0c966c3a49') in 0.018108 seconds 
  Import took 0.043090 seconds .

========================================================================
Received Prepare
Registering precompiled user dll's ...
Registered in 0.016395 seconds.
Begin MonoManager ReloadAssembly
Native extension for WindowsStandalone target not found
Native extension for WebGL target not found
Refreshing native plugins compatible for Editor in 2.13 ms, found 3 plugins.
Preloading 0 native plugins for Editor in 0.00 ms.
Mono: successfully reloaded assembly
- Completed reload, in  4.241 seconds
Domain Reload Profiling:
	ReloadAssembly (4242ms)
		BeginReloadAssembly (391ms)
			ExecutionOrderSort (0ms)
			DisableScriptedObjects (20ms)
			BackupInstance (0ms)
			ReleaseScriptingObjects (0ms)
			CreateAndSetChildDomain (119ms)
		EndReloadAssembly (3538ms)
			LoadAssemblies (438ms)
			RebuildTransferFunctionScriptingTraits (0ms)
			SetupTypeCache (1235ms)
			ReleaseScriptCaches (3ms)
			RebuildScriptCaches (265ms)
			SetupLoadedEditorAssemblies (998ms)
				LogAssemblyErrors (0ms)
				InitializePlatformSupportModulesInManaged (22ms)
				SetLoadedEditorAssemblies (2ms)
				RefreshPlugins (2ms)
				BeforeProcessingInitializeOnLoad (326ms)
				ProcessInitializeOnLoadAttributes (594ms)
				ProcessInitializeOnLoadMethodAttributes (21ms)
				AfterProcessingInitializeOnLoad (30ms)
				EditorAssembliesLoaded (1ms)
			ExecutionOrderSort2 (0ms)
			AwakeInstancesAfterBackupRestoration (59ms)
Platform modules already initialized, skipping
Shader 'Universal Render Pipeline/Particles/Lit': fallback shader 'Universal Render Pipeline/Particles/SimpleLit' not found
Refreshing native plugins compatible for Editor in 4.06 ms, found 3 plugins.
Preloading 0 native plugins for Editor in 0.00 ms.
Unloading 3574 Unused Serialized files (Serialized files now loaded: 0)
System memory in use before: 156.0 MB.
System memory in use after: 156.1 MB.

Unloading 21 unused Assets to reduce memory usage. Loaded Objects now: 4398.
Total: 11.551000 ms (FindLiveObjects: 1.856100 ms CreateObjectMapping: 0.690700 ms MarkObjects: 8.754300 ms  DeleteObjects: 0.246100 ms)

AssetImportParameters requested are different than current active one (requested -> active):
  custom:framework-win-MediaFoundation: 216162199b28c13a410421893ffa2e32 -> 
  custom:video-decoder-ogg-theora: a1e56fd34408186e4bbccfd4996cb3dc -> 
  custom:container-muxer-webm: aa71ff27fc2769a1b78a27578f13a17b -> 
  custom:container-demuxer-webm: 4f35f7cbe854078d1ac9338744f61a02 -> 
  custom:container-demuxer-ogg: 62fdf1f143b41e24485cea50d1cbac27 -> 
  custom:video-encoder-webm-vp8: eb34c28f22e8b96e1ab97ce403110664 -> 
  custom:video-codec-MediaFoundation-h265: 746d11721c4dcdbdad8f713fa42b33f4 -> 
  custom:video-decoder-webm-vp8: 9c59270c3fd7afecdb556c50c9e8de78 -> 
  custom:audio-decoder-ogg-vorbis: bf7c407c2cedff20999df2af8eb42d56 -> 
  custom:audio-encoder-webm-vorbis: bf7c407c2cedff20999df2af8eb42d56 -> 
========================================================================
Received Prepare
Registering precompiled user dll's ...
Registered in 0.016172 seconds.
Begin MonoManager ReloadAssembly
Native extension for WindowsStandalone target not found
Native extension for WebGL target not found
Refreshing native plugins compatible for Editor in 1.41 ms, found 3 plugins.
Preloading 0 native plugins for Editor in 0.00 ms.
Mono: successfully reloaded assembly
- Completed reload, in  3.337 seconds
Domain Reload Profiling:
	ReloadAssembly (3338ms)
		BeginReloadAssembly (320ms)
			ExecutionOrderSort (0ms)
			DisableScriptedObjects (18ms)
			BackupInstance (0ms)
			ReleaseScriptingObjects (0ms)
			CreateAndSetChildDomain (98ms)
		EndReloadAssembly (2841ms)
			LoadAssemblies (301ms)
			RebuildTransferFunctionScriptingTraits (0ms)
			SetupTypeCache (729ms)
			ReleaseScriptCaches (3ms)
			RebuildScriptCaches (156ms)
			SetupLoadedEditorAssemblies (1173ms)
				LogAssemblyErrors (0ms)
				InitializePlatformSupportModulesInManaged (16ms)
				SetLoadedEditorAssemblies (1ms)
				RefreshPlugins (2ms)
				BeforeProcessingInitializeOnLoad (374ms)
				ProcessInitializeOnLoadAttributes (731ms)
				ProcessInitializeOnLoadMethodAttributes (18ms)
				AfterProcessingInitializeOnLoad (32ms)
				EditorAssembliesLoaded (1ms)
			ExecutionOrderSort2 (0ms)
			AwakeInstancesAfterBackupRestoration (71ms)
Platform modules already initialized, skipping
Shader 'Universal Render Pipeline/Particles/Lit': fallback shader 'Universal Render Pipeline/Particles/SimpleLit' not found
Refreshing native plugins compatible for Editor in 3.77 ms, found 3 plugins.
Preloading 0 native plugins for Editor in 0.00 ms.
Unloading 3574 Unused Serialized files (Serialized files now loaded: 0)
System memory in use before: 155.9 MB.
System memory in use after: 156.0 MB.

Unloading 21 unused Assets to reduce memory usage. Loaded Objects now: 4401.
Total: 12.330500 ms (FindLiveObjects: 0.866400 ms CreateObjectMapping: 0.552900 ms MarkObjects: 10.591300 ms  DeleteObjects: 0.315700 ms)

AssetImportParameters requested are different than current active one (requested -> active):
  custom:framework-win-MediaFoundation: 216162199b28c13a410421893ffa2e32 -> 
  custom:video-decoder-ogg-theora: a1e56fd34408186e4bbccfd4996cb3dc -> 
  custom:container-muxer-webm: aa71ff27fc2769a1b78a27578f13a17b -> 
  custom:container-demuxer-webm: 4f35f7cbe854078d1ac9338744f61a02 -> 
  custom:container-demuxer-ogg: 62fdf1f143b41e24485cea50d1cbac27 -> 
  custom:video-encoder-webm-vp8: eb34c28f22e8b96e1ab97ce403110664 -> 
  custom:video-codec-MediaFoundation-h265: 746d11721c4dcdbdad8f713fa42b33f4 -> 
  custom:video-decoder-webm-vp8: 9c59270c3fd7afecdb556c50c9e8de78 -> 
  custom:audio-decoder-ogg-vorbis: bf7c407c2cedff20999df2af8eb42d56 -> 
  custom:audio-encoder-webm-vorbis: bf7c407c2cedff20999df2af8eb42d56 -> 
========================================================================
Received Import Request.
  Time since last request: 74.305247 seconds.
  path: Assets/Scripts/PiercingBullet.cs
  artifactKey: Guid(0cd32e9e90609564bb1a21a969fe98eb) Importer(815301076,1909f56bfc062723c751e8b465ee728b)
Start importing Assets/Scripts/PiercingBullet.cs using Guid(0cd32e9e90609564bb1a21a969fe98eb) Importer(815301076,1909f56bfc062723c751e8b465ee728b)  -> (artifact id: 'b6932f0a39c24d29f6c50d76870f72cc') in 0.020176 seconds 
  Import took 0.038238 seconds .

========================================================================
Received Import Request.
  Time since last request: 1.502220 seconds.
  path: Assets/Prefabs/Player Piercing Bullet.prefab
  artifactKey: Guid(7e33f9caacd928d489246ff5dcf712dc) Importer(815301076,1909f56bfc062723c751e8b465ee728b)
Start importing Assets/Prefabs/Player Piercing Bullet.prefab using Guid(7e33f9caacd928d489246ff5dcf712dc) Importer(815301076,1909f56bfc062723c751e8b465ee728b)  -> (artifact id: 'f65218ef1748c3e072831f17718d62cc') in 0.464996 seconds 
  Import took 0.480902 seconds .

========================================================================
Received Import Request.
  Time since last request: 3.610047 seconds.
  path: Assets/Prefabs/Player Piercing Bullet.prefab
  artifactKey: Guid(7e33f9caacd928d489246ff5dcf712dc) Importer(815301076,1909f56bfc062723c751e8b465ee728b)
Start importing Assets/Prefabs/Player Piercing Bullet.prefab using Guid(7e33f9caacd928d489246ff5dcf712dc) Importer(815301076,1909f56bfc062723c751e8b465ee728b)  -> (artifact id: 'd64e118b205c2ea0d22a701e0afe20e7') in 0.033244 seconds 
  Import took 0.047702 seconds .

========================================================================
Received Import Request.
  Time since last request: 2.788609 seconds.
  path: Assets/Prefabs/Player Piercing Bullet.prefab
  artifactKey: Guid(7e33f9caacd928d489246ff5dcf712dc) Importer(815301076,1909f56bfc062723c751e8b465ee728b)
Start importing Assets/Prefabs/Player Piercing Bullet.prefab using Guid(7e33f9caacd928d489246ff5dcf712dc) Importer(815301076,1909f56bfc062723c751e8b465ee728b)  -> (artifact id: '8ff5eb9d3c83743358f2a1a8789fd8fc') in 0.032461 seconds 
  Import took 0.047386 seconds .

========================================================================
Received Import Request.
  Time since last request: 3.261235 seconds.
  path: Assets/Prefabs/Player Piercing Bullet.prefab
  artifactKey: Guid(7e33f9caacd928d489246ff5dcf712dc) Importer(815301076,1909f56bfc062723c751e8b465ee728b)
Start importing Assets/Prefabs/Player Piercing Bullet.prefab using Guid(7e33f9caacd928d489246ff5dcf712dc) Importer(815301076,1909f56bfc062723c751e8b465ee728b)  -> (artifact id: 'f27d72b412e54d1b0221fcb616f6e377') in 0.041030 seconds 
  Import took 0.058920 seconds .

========================================================================
Received Import Request.
  Time since last request: 1.034852 seconds.
  path: Assets/Prefabs/Player Piercing Bullet.prefab
  artifactKey: Guid(7e33f9caacd928d489246ff5dcf712dc) Importer(815301076,1909f56bfc062723c751e8b465ee728b)
Start importing Assets/Prefabs/Player Piercing Bullet.prefab using Guid(7e33f9caacd928d489246ff5dcf712dc) Importer(815301076,1909f56bfc062723c751e8b465ee728b)  -> (artifact id: '40d3b7e3edebdbfacff3f6acab17eafe') in 0.040586 seconds 
  Import took 0.057456 seconds .

========================================================================
Received Import Request.
  Time since last request: 12.471641 seconds.
  path: Assets/Prefabs/Enemy Piercing Bullet.prefab
  artifactKey: Guid(cda78298e07c89948bf7efbf1de0e87b) Importer(815301076,1909f56bfc062723c751e8b465ee728b)
Start importing Assets/Prefabs/Enemy Piercing Bullet.prefab using Guid(cda78298e07c89948bf7efbf1de0e87b) Importer(815301076,1909f56bfc062723c751e8b465ee728b)  -> (artifact id: '1b6db19a30072e6beec2761c2bd0944f') in 0.045314 seconds 
  Import took 0.064904 seconds .

========================================================================
Received Import Request.
  Time since last request: 4.155103 seconds.
  path: Assets/Prefabs/Enemy Piercing Bullet.prefab
  artifactKey: Guid(cda78298e07c89948bf7efbf1de0e87b) Importer(815301076,1909f56bfc062723c751e8b465ee728b)
Start importing Assets/Prefabs/Enemy Piercing Bullet.prefab using Guid(cda78298e07c89948bf7efbf1de0e87b) Importer(815301076,1909f56bfc062723c751e8b465ee728b)  -> (artifact id: 'ced4e03eac0a3fda222edf96dc821923') in 0.036185 seconds 
  Import took 0.051783 seconds .

========================================================================
Received Prepare
Registering precompiled user dll's ...
Registered in 0.010434 seconds.
Begin MonoManager ReloadAssembly
Native extension for WindowsStandalone target not found
Native extension for WebGL target not found
Refreshing native plugins compatible for Editor in 0.95 ms, found 3 plugins.
Preloading 0 native plugins for Editor in 0.00 ms.
Mono: successfully reloaded assembly
- Completed reload, in  3.200 seconds
Domain Reload Profiling:
	ReloadAssembly (3201ms)
		BeginReloadAssembly (295ms)
			ExecutionOrderSort (0ms)
			DisableScriptedObjects (25ms)
			BackupInstance (0ms)
			ReleaseScriptingObjects (0ms)
			CreateAndSetChildDomain (94ms)
		EndReloadAssembly (2755ms)
			LoadAssemblies (264ms)
			RebuildTransferFunctionScriptingTraits (0ms)
			SetupTypeCache (976ms)
			ReleaseScriptCaches (3ms)
			RebuildScriptCaches (164ms)
			SetupLoadedEditorAssemblies (973ms)
				LogAssemblyErrors (0ms)
				InitializePlatformSupportModulesInManaged (11ms)
				SetLoadedEditorAssemblies (1ms)
				RefreshPlugins (1ms)
				BeforeProcessingInitializeOnLoad (386ms)
				ProcessInitializeOnLoadAttributes (552ms)
				ProcessInitializeOnLoadMethodAttributes (8ms)
				AfterProcessingInitializeOnLoad (13ms)
				EditorAssembliesLoaded (0ms)
			ExecutionOrderSort2 (0ms)
			AwakeInstancesAfterBackupRestoration (53ms)
Platform modules already initialized, skipping
Shader 'Universal Render Pipeline/Particles/Lit': fallback shader 'Universal Render Pipeline/Particles/SimpleLit' not found
Refreshing native plugins compatible for Editor in 1.42 ms, found 3 plugins.
Preloading 0 native plugins for Editor in 0.00 ms.
Unloading 3574 Unused Serialized files (Serialized files now loaded: 0)
System memory in use before: 156.0 MB.
System memory in use after: 156.1 MB.

Unloading 21 unused Assets to reduce memory usage. Loaded Objects now: 4440.
Total: 8.314000 ms (FindLiveObjects: 0.651700 ms CreateObjectMapping: 0.347900 ms MarkObjects: 7.050400 ms  DeleteObjects: 0.261400 ms)

AssetImportParameters requested are different than current active one (requested -> active):
  custom:framework-win-MediaFoundation: 216162199b28c13a410421893ffa2e32 -> 
  custom:video-decoder-ogg-theora: a1e56fd34408186e4bbccfd4996cb3dc -> 
  custom:container-muxer-webm: aa71ff27fc2769a1b78a27578f13a17b -> 
  custom:container-demuxer-webm: 4f35f7cbe854078d1ac9338744f61a02 -> 
  custom:container-demuxer-ogg: 62fdf1f143b41e24485cea50d1cbac27 -> 
  custom:video-encoder-webm-vp8: eb34c28f22e8b96e1ab97ce403110664 -> 
  custom:video-codec-MediaFoundation-h265: 746d11721c4dcdbdad8f713fa42b33f4 -> 
  custom:video-decoder-webm-vp8: 9c59270c3fd7afecdb556c50c9e8de78 -> 
  custom:audio-decoder-ogg-vorbis: bf7c407c2cedff20999df2af8eb42d56 -> 
  custom:audio-encoder-webm-vorbis: bf7c407c2cedff20999df2af8eb42d56 -> 
========================================================================
Received Prepare
Registering precompiled user dll's ...
Registered in 0.009793 seconds.
Begin MonoManager ReloadAssembly
Native extension for WindowsStandalone target not found
Native extension for WebGL target not found
Refreshing native plugins compatible for Editor in 1.17 ms, found 3 plugins.
Preloading 0 native plugins for Editor in 0.00 ms.
Mono: successfully reloaded assembly
- Completed reload, in  3.864 seconds
Domain Reload Profiling:
	ReloadAssembly (3865ms)
		BeginReloadAssembly (309ms)
			ExecutionOrderSort (0ms)
			DisableScriptedObjects (15ms)
			BackupInstance (0ms)
			ReleaseScriptingObjects (0ms)
			CreateAndSetChildDomain (88ms)
		EndReloadAssembly (3370ms)
			LoadAssemblies (266ms)
			RebuildTransferFunctionScriptingTraits (0ms)
			SetupTypeCache (1197ms)
			ReleaseScriptCaches (4ms)
			RebuildScriptCaches (221ms)
			SetupLoadedEditorAssemblies (1021ms)
				LogAssemblyErrors (0ms)
				InitializePlatformSupportModulesInManaged (11ms)
				SetLoadedEditorAssemblies (1ms)
				RefreshPlugins (1ms)
				BeforeProcessingInitializeOnLoad (247ms)
				ProcessInitializeOnLoadAttributes (701ms)
				ProcessInitializeOnLoadMethodAttributes (22ms)
				AfterProcessingInitializeOnLoad (38ms)
				EditorAssembliesLoaded (1ms)
			ExecutionOrderSort2 (0ms)
			AwakeInstancesAfterBackupRestoration (102ms)
Platform modules already initialized, skipping
Shader 'Universal Render Pipeline/Particles/Lit': fallback shader 'Universal Render Pipeline/Particles/SimpleLit' not found
Refreshing native plugins compatible for Editor in 1.58 ms, found 3 plugins.
Preloading 0 native plugins for Editor in 0.00 ms.
Unloading 3574 Unused Serialized files (Serialized files now loaded: 0)
System memory in use before: 156.1 MB.
System memory in use after: 156.2 MB.

Unloading 21 unused Assets to reduce memory usage. Loaded Objects now: 4443.
Total: 7.446900 ms (FindLiveObjects: 0.783700 ms CreateObjectMapping: 0.399400 ms MarkObjects: 6.019400 ms  DeleteObjects: 0.241300 ms)

AssetImportParameters requested are different than current active one (requested -> active):
  custom:framework-win-MediaFoundation: 216162199b28c13a410421893ffa2e32 -> 
  custom:video-decoder-ogg-theora: a1e56fd34408186e4bbccfd4996cb3dc -> 
  custom:container-muxer-webm: aa71ff27fc2769a1b78a27578f13a17b -> 
  custom:container-demuxer-webm: 4f35f7cbe854078d1ac9338744f61a02 -> 
  custom:container-demuxer-ogg: 62fdf1f143b41e24485cea50d1cbac27 -> 
  custom:video-encoder-webm-vp8: eb34c28f22e8b96e1ab97ce403110664 -> 
  custom:video-codec-MediaFoundation-h265: 746d11721c4dcdbdad8f713fa42b33f4 -> 
  custom:video-decoder-webm-vp8: 9c59270c3fd7afecdb556c50c9e8de78 -> 
  custom:audio-decoder-ogg-vorbis: bf7c407c2cedff20999df2af8eb42d56 -> 
  custom:audio-encoder-webm-vorbis: bf7c407c2cedff20999df2af8eb42d56 -> 
========================================================================
Received Prepare
Registering precompiled user dll's ...
Registered in 0.015983 seconds.
Begin MonoManager ReloadAssembly
Native extension for WindowsStandalone target not found
Native extension for WebGL target not found
Refreshing native plugins compatible for Editor in 2.10 ms, found 3 plugins.
Preloading 0 native plugins for Editor in 0.00 ms.
Mono: successfully reloaded assembly
- Completed reload, in  5.091 seconds
Domain Reload Profiling:
	ReloadAssembly (5092ms)
		BeginReloadAssembly (535ms)
			ExecutionOrderSort (0ms)
			DisableScriptedObjects (16ms)
			BackupInstance (0ms)
			ReleaseScriptingObjects (0ms)
			CreateAndSetChildDomain (101ms)
		EndReloadAssembly (4108ms)
			LoadAssemblies (617ms)
			RebuildTransferFunctionScriptingTraits (0ms)
			SetupTypeCache (1751ms)
			ReleaseScriptCaches (4ms)
			RebuildScriptCaches (167ms)
			SetupLoadedEditorAssemblies (1152ms)
				LogAssemblyErrors (0ms)
				InitializePlatformSupportModulesInManaged (21ms)
				SetLoadedEditorAssemblies (2ms)
				RefreshPlugins (2ms)
				BeforeProcessingInitializeOnLoad (404ms)
				ProcessInitializeOnLoadAttributes (684ms)
				ProcessInitializeOnLoadMethodAttributes (14ms)
				AfterProcessingInitializeOnLoad (25ms)
				EditorAssembliesLoaded (0ms)
			ExecutionOrderSort2 (0ms)
			AwakeInstancesAfterBackupRestoration (73ms)
Platform modules already initialized, skipping
Shader 'Universal Render Pipeline/Particles/Lit': fallback shader 'Universal Render Pipeline/Particles/SimpleLit' not found
Refreshing native plugins compatible for Editor in 1.42 ms, found 3 plugins.
Preloading 0 native plugins for Editor in 0.00 ms.
Unloading 3574 Unused Serialized files (Serialized files now loaded: 0)
System memory in use before: 156.1 MB.
System memory in use after: 156.3 MB.

Unloading 21 unused Assets to reduce memory usage. Loaded Objects now: 4446.
Total: 7.774200 ms (FindLiveObjects: 0.645900 ms CreateObjectMapping: 0.380600 ms MarkObjects: 6.519100 ms  DeleteObjects: 0.225900 ms)

AssetImportParameters requested are different than current active one (requested -> active):
  custom:framework-win-MediaFoundation: 216162199b28c13a410421893ffa2e32 -> 
  custom:video-decoder-ogg-theora: a1e56fd34408186e4bbccfd4996cb3dc -> 
  custom:container-muxer-webm: aa71ff27fc2769a1b78a27578f13a17b -> 
  custom:container-demuxer-webm: 4f35f7cbe854078d1ac9338744f61a02 -> 
  custom:container-demuxer-ogg: 62fdf1f143b41e24485cea50d1cbac27 -> 
  custom:video-encoder-webm-vp8: eb34c28f22e8b96e1ab97ce403110664 -> 
  custom:video-codec-MediaFoundation-h265: 746d11721c4dcdbdad8f713fa42b33f4 -> 
  custom:video-decoder-webm-vp8: 9c59270c3fd7afecdb556c50c9e8de78 -> 
  custom:audio-decoder-ogg-vorbis: bf7c407c2cedff20999df2af8eb42d56 -> 
  custom:audio-encoder-webm-vorbis: bf7c407c2cedff20999df2af8eb42d56 -> 
AssetImportWorkerClient::OnTransportError - code=2 error=End of file
